SF:lib\features\home\home_viewmodel.dart
DA:8,2
DA:14,9
LF:2
LH:2
end_of_record
SF:lib\models\todo_item.dart
DA:9,4
LF:1
LH:1
end_of_record
SF:lib\viewmodels\todo_viewmodel.dart
DA:9,4
DA:10,8
DA:11,4
DA:14,2
DA:15,12
DA:16,8
DA:17,2
DA:20,2
DA:21,10
DA:22,2
DA:25,1
DA:26,2
DA:27,1
LF:13
LH:13
end_of_record
SF:lib\features\detail\detail_page.dart
DA:14,1
DA:18,0
DA:23,0
DA:25,0
DA:34,0
DA:36,0
DA:37,0
DA:38,0
DA:41,0
DA:42,0
DA:43,0
DA:46,0
DA:49,0
DA:51,0
DA:52,0
DA:55,0
DA:57,0
DA:58,0
DA:59,0
DA:60,0
DA:62,0
DA:63,0
DA:70,0
DA:73,0
DA:75,0
DA:76,0
DA:77,0
DA:78,0
DA:79,0
DA:80,0
DA:83,0
DA:84,0
DA:85,0
DA:88,0
DA:89,0
DA:90,0
DA:93,0
DA:95,0
DA:96,0
DA:99,0
DA:100,0
DA:102,0
DA:103,0
DA:104,0
DA:106,0
DA:117,0
DA:119,0
DA:121,0
DA:134,0
DA:136,0
DA:137,0
DA:138,0
DA:140,0
DA:141,0
DA:143,0
DA:147,0
DA:148,0
DA:156,0
DA:158,0
LF:59
LH:1
end_of_record
SF:lib\features\detail\detail_viewmodel.dart
DA:8,1
DA:24,3
DA:26,3
DA:28,1
DA:29,1
DA:30,2
DA:33,1
DA:34,1
DA:35,2
DA:38,1
DA:39,1
DA:40,2
DA:43,1
DA:44,1
DA:47,1
DA:48,2
DA:50,1
DA:51,1
DA:52,1
DA:54,1
DA:55,1
DA:60,2
DA:62,1
DA:63,1
DA:64,2
DA:65,1
DA:66,1
DA:67,2
DA:71,2
DA:76,3
DA:78,1
DA:79,1
DA:80,1
DA:81,1
DA:82,1
DA:85,0
DA:87,0
DA:88,0
LF:38
LH:35
end_of_record
SF:lib\features\home\home_page.dart
DA:11,1
DA:13,1
DA:20,1
DA:22,2
DA:23,1
DA:27,1
DA:30,1
DA:32,1
DA:33,1
DA:38,1
DA:40,0
DA:41,0
DA:43,0
DA:44,0
DA:52,1
DA:53,1
DA:54,1
DA:55,1
DA:73,1
DA:74,1
DA:75,2
DA:76,2
DA:77,2
DA:78,4
DA:79,4
DA:80,0
DA:81,0
DA:83,0
DA:84,0
DA:86,0
LF:30
LH:21
end_of_record
